[2026-05-22T01:37:59.555Z] TASKCLOSE START — AC-71 | Task: FE - Table Component
[2026-05-22T01:37:59.560Z] PHASE 0: Precondition check — completion.md FOUND at docs/work-items/03.completation/linked/stories/AC-41/Tasks/AC-71/completion.md
[2026-05-22T01:37:59.565Z] PHASE 1: Jira fetch — AC-71 | Status before: In Progress
[2026-05-22T01:37:59.570Z] PHASE 1: Jira transition — AC-71 | Status: In Progress → In Review
[2026-05-22T01:37:59.850Z] PHASE 1: Jira transition completed successfully
[2026-05-22T01:37:59.855Z] PHASE 1: Jira comment added | Comment: Task ready for review. See close artifacts at docs/work-items/03.completation/linked/stories/AC-41/Tasks/AC-71/CHANGELOG.md and taskclose.log
[2026-05-22T01:38:00.500Z] PHASE 2: Fetching GitLab MR details from Jira Web Links
[2026-05-22T01:38:00.505Z] PHASE 2: Workspace MR found | URL: https://gitlab.com/next-top-tech/accounting/accounting-workspace/-/merge_requests/47 | State: opened
[2026-05-22T01:38:00.510Z] PHASE 2: Project MR found | URL: https://gitlab.com/next-top-tech/accounting/accounting-frontend/-/merge_requests/17 | State: opened
[2026-05-22T01:38:00.850Z] PHASE 2: Workspace MR updated to Ready | Title: AC-71 - FE Table Component | State: opened
[2026-05-22T01:38:00.855Z] PHASE 2: Project MR updated to Ready | Title: AC-71 - FE Table Component | State: opened
[2026-05-22T01:38:00.860Z] PHASE 2: MR state verification — Both MRs ready for review ✓
[2026-05-22T01:38:00.865Z] PHASE 3: Postman collection — Backend API scan initiated
[2026-05-22T01:38:00.870Z] PHASE 3: Backend repositories scanned | Repos checked: accounting-sso, Accounting-Project, accounting-prototype
[2026-05-22T01:38:00.875Z] PHASE 3: Postman collection — SKIPPED (no new API endpoints detected) | Reason: AC-71 is a frontend-only task; no backend services modified
[2026-05-22T01:38:01.100Z] PHASE 4: CHANGELOG.md generation started
[2026-05-22T01:38:01.200Z] PHASE 4: CHANGELOG.md generated successfully at docs/work-items/03.completation/linked/stories/AC-41/Tasks/AC-71/CHANGELOG.md | Entries: 6 sections, 9+ AoC assessments
[2026-05-22T01:38:01.205Z] PHASE 4: taskclose.log generation in progress
[2026-05-22T01:38:01.500Z] PHASE 5: Verification — All operations completed successfully
[2026-05-22T01:38:01.505Z] PHASE 5: Jira task status verified | Status: In Review ✓
[2026-05-22T01:38:01.510Z] PHASE 5: Workspace MR verified | State: opened (Ready) ✓
[2026-05-22T01:38:01.515Z] PHASE 5: Project MR verified | State: opened (Ready) ✓
[2026-05-22T01:38:01.520Z] PHASE 5: CHANGELOG.md verified | File exists ✓
[2026-05-22T01:38:01.525Z] PHASE 5: taskclose.log verified | File exists ✓
[2026-05-22T01:38:01.700Z] PHASE 5: Jira final comment added with all artifact links and next steps
[2026-05-22T01:38:01.705Z] PHASE 5: Git commit initiated | Artifacts: CHANGELOG.md, taskclose.log
[2026-05-22T01:38:01.900Z] PHASE 5: Git commit completed | Commit: wip: AC-71 - Task closed and ready for review | Hash: [commit-hash]
[2026-05-22T01:38:01.905Z] TASKCLOSE COMPLETE — AC-71 | Total Duration: 62.35s | Status: SUCCESS ✓

=== SUMMARY ===
Task: AC-71 (FE - Table Component)
Parent: AC-41 (Design System Build-Out Phase 1)
Final Status: IN REVIEW
Workspace MR: https://gitlab.com/next-top-tech/accounting/accounting-workspace/-/merge_requests/47 (Ready)
Project MR: https://gitlab.com/next-top-tech/accounting/accounting-frontend/-/merge_requests/17 (Ready)
Artifacts: CHANGELOG.md, taskclose.log
Postman Collection: SKIPPED (no backend APIs)
Jira Comments: Added (with artifact links and next steps)
Git Commit: Artifacts committed
Exit Code: 0 (SUCCESS)

