[2026-05-15T09:12:00+03:30] TASKCLOSE START — AC-95
[2026-05-15T09:12:01+03:30] PHASE 0: Precondition check — completion.md FOUND at docs/work-items/03.completation/linked/stories/AC-5/Tasks/AC-95/completion.md
[2026-05-15T09:12:02+03:30] PHASE 1: Jira fetch — AC-95 status verified: In Progress ✓
[2026-05-15T09:12:03+03:30] PHASE 1: Jira fetch — Parent story: AC-5 | Fix Version: V 0.1 (MVP) | Labels: Backend
[2026-05-15T09:12:04+03:30] PHASE 1: Jira fetch — Workspace MR: https://gitlab.com/next-top-tech/accounting/accounting-workspace/-/merge_requests/43
[2026-05-15T09:12:05+03:30] PHASE 1: Jira fetch — Project MR: https://gitlab.com/next-top-tech/accounting/accounting-sso/-/merge_requests/13
[2026-05-15T09:12:06+03:30] PHASE 1: Jira transition — AC-95 status: In Progress → In Review (transition id: 3)
[2026-05-15T09:12:07+03:30] PHASE 1: Jira transition — SUCCESS | New status: In Review ✓
[2026-05-15T09:12:08+03:30] PHASE 1: Jira comment added — "Task ready for review. See close artifacts at docs/work-items/03.completation/linked/stories/AC-5/Tasks/AC-95/CHANGELOG.md and taskclose.log"
[2026-05-15T09:12:09+03:30] PHASE 2: Workspace MR https://gitlab.com/next-top-tech/accounting/accounting-workspace/-/merge_requests/43 — state: opened | draft: Draft → Ready
[2026-05-15T09:12:10+03:30] PHASE 2: Workspace MR — title updated: removed "Draft:" prefix | squash=True | force_remove_source_branch=True ✓
[2026-05-15T09:12:11+03:30] PHASE 2: Workspace MR — review note added: "Transitioned to In Review by taskClose on 2026-05-15T09:12:09+03:30"
[2026-05-15T09:12:12+03:30] PHASE 2: Project MR https://gitlab.com/next-top-tech/accounting/accounting-sso/-/merge_requests/13 — state: opened | draft: False (already Ready) ✓
[2026-05-15T09:12:13+03:30] PHASE 2: Project MR — squash=True | force_remove_source_branch=True ✓
[2026-05-15T09:12:14+03:30] PHASE 2: Project MR — review note added: "Transitioned to In Review by taskClose on 2026-05-15T09:12:09+03:30"
[2026-05-15T09:12:15+03:30] PHASE 3: Postman collection — SKIPPED (no new API endpoints; AC-95 is a service-layer task with no Presentation layer changes)
[2026-05-15T09:13:00+03:30] PHASE 4: CHANGELOG.md generated at docs/work-items/03.completation/linked/stories/AC-5/Tasks/AC-95/CHANGELOG.md
[2026-05-15T09:14:15+03:30] PHASE 4: taskclose.log generated at docs/work-items/03.completation/linked/stories/AC-5/Tasks/AC-95/taskclose.log
[2026-05-15T09:14:16+03:30] PHASE 5: Verification — Jira AC-95 status: In Review ✓
[2026-05-15T09:14:17+03:30] PHASE 5: Verification — Workspace MR draft=False ✓ | Project MR draft=False ✓
[2026-05-15T09:14:18+03:30] PHASE 5: Verification — CHANGELOG.md exists ✓ | taskclose.log exists ✓
[2026-05-15T09:14:19+03:30] PHASE 5: Verification — Postman collection: SKIPPED (not applicable)
[2026-05-15T09:14:20+03:30] PHASE 5: Final Jira comment posted with artifact links and MR URLs
[2026-05-15T09:14:21+03:30] PHASE 5: Git commit staged — wip: AC-95 - Task closed and ready for review
[2026-05-15T09:14:22+03:30] TASKCLOSE COMPLETE — AC-95 | duration: ~2m 22s
